<?xml version="1.0" encoding="UTF-8"?>
<testng-results ignored="0" total="1" passed="1" failed="0" skipped="0">
  <reporter-output>
  </reporter-output>
  <suite started-at="2025-11-22T17:47:21 IST" name="Default suite" finished-at="2025-11-22T17:47:22 IST" duration-ms="284">
    <groups>
    </groups>
    <test started-at="2025-11-22T17:47:21 IST" name="Default test" finished-at="2025-11-22T17:47:22 IST" duration-ms="284">
      <class name="Practice.gitPractice">
        <test-method signature="m1()[pri:0, instance:Practice.gitPractice@799f10e1]" started-at="2025-11-22T17:47:21 IST" name="m1" finished-at="2025-11-22T17:47:22 IST" duration-ms="70" status="PASS">
          <reporter-output>
          </reporter-output>
        </test-method> <!-- m1 -->
      </class> <!-- Practice.gitPractice -->
    </test> <!-- Default test -->
  </suite> <!-- Default suite -->
</testng-results>
